<?xml version="1.0" encoding="UTF-8"?>
<!-- Generated by org.testng.reporters.JUnitReportReporter -->
<testsuite hostname="del1-lhp-n82782" failures="0" tests="1" name="testCases.Register.TC_001_AccountRegistrationTest" time="3.120" errors="0" timestamp="2023-08-26T19:11:12 IST" skipped="0">
  <testcase classname="testCases.Register.TC_001_AccountRegistrationTest" name="test_account_Registration" time="3.120"/>
  <system-out/>
</testsuite> <!-- testCases.Register.TC_001_AccountRegistrationTest -->
