<?xml version="1.0" encoding="UTF-8"?>
<!-- Generated by org.testng.reporters.JUnitReportReporter -->
<testsuite hostname="del1-lhp-n82782" failures="0" tests="2" name="testCases.login.TC_005_LoginDDT2withJson" time="11.386" errors="0" timestamp="2023-08-26T18:22:23 IST" skipped="0">
  <testcase classname="testCases.login.TC_005_LoginDDT2withJson" name="loginDDTtest" time="0.885"/>
  <system-out/>
  <testcase classname="testCases.login.TC_005_LoginDDT2withJson" name="loginDDTtest" time="10.501"/>
  <system-out/>
</testsuite> <!-- testCases.login.TC_005_LoginDDT2withJson -->
