<?xml version="1.0" encoding="UTF-8"?>
<!-- Generated by org.testng.reporters.JUnitReportReporter -->
<testsuite hostname="del1-lhp-n82782" failures="0" tests="1" name="testCases.TC_001_AccountRegistrationTest" time="2.927" errors="0" timestamp="2023-06-29T13:22:24 IST" skipped="0">
  <testcase classname="testCases.TC_001_AccountRegistrationTest" name="test_account_Registration" time="2.927"/>
  <system-out/>
</testsuite> <!-- testCases.TC_001_AccountRegistrationTest -->
