<?xml version="1.0" encoding="UTF-8"?>
<!-- Generated by org.testng.reporters.JUnitReportReporter -->
<testsuite hostname="arvind" failures="0" tests="1" name="testCases.search.TC_004_Search" time="2.732" errors="0" timestamp="2023-10-08T19:16:25 IST" skipped="0">
  <testcase classname="testCases.search.TC_004_Search" name="test_search" time="2.732"/>
  <system-out/>
</testsuite> <!-- testCases.search.TC_004_Search -->
