<?xml version="1.0" encoding="UTF-8"?>
<!-- Generated by org.testng.reporters.JUnitReportReporter -->
<testsuite hostname="del1-lhp-n82782" failures="0" tests="1" name="testCases.search.TC_004_Search" time="0.425" errors="0" timestamp="2023-08-26T18:00:46 IST" skipped="0">
  <testcase classname="testCases.search.TC_004_Search" name="test_search" time="0.425"/>
  <system-out/>
</testsuite> <!-- testCases.search.TC_004_Search -->
