<?xml version="1.0" encoding="UTF-8"?>
<!-- Generated by org.testng.reporters.JUnitReportReporter -->
<testsuite hostname="del1-lhp-n82782" failures="0" tests="1" name="testCases.TC_002_LoginTest" time="0.592" errors="0" timestamp="2023-06-29T13:22:24 IST" skipped="0">
  <testcase classname="testCases.TC_002_LoginTest" name="test_login" time="0.592"/>
  <system-out/>
</testsuite> <!-- testCases.TC_002_LoginTest -->
