<?xml version="1.0" encoding="UTF-8"?>
<!-- Generated by org.testng.reporters.JUnitReportReporter -->
<testsuite hostname="arvind" failures="0" tests="1" name="testCases.Register.TC_001_AccountRegistrationTest" time="8.732" errors="0" timestamp="2023-10-08T18:31:37 IST" skipped="0">
  <testcase classname="testCases.Register.TC_001_AccountRegistrationTest" name="test_account_Registration" time="8.732"/>
  <system-out/>
</testsuite> <!-- testCases.Register.TC_001_AccountRegistrationTest -->
