<?xml version="1.0" encoding="UTF-8"?>
<!-- Generated by org.testng.reporters.JUnitReportReporter -->
<testsuite hostname="del1-lhp-n82782" failures="0" tests="5" name="testCases.login.TC_003_LoginDDT" time="32.985" errors="0" timestamp="2023-08-26T18:02:22 IST" skipped="0">
  <testcase classname="testCases.login.TC_003_LoginDDT" name="loginDDT" time="0.694"/>
  <system-out/>
  <testcase classname="testCases.login.TC_003_LoginDDT" name="loginDDT" time="0.821"/>
  <system-out/>
  <testcase classname="testCases.login.TC_003_LoginDDT" name="loginDDT" time="10.453"/>
  <system-out/>
  <testcase classname="testCases.login.TC_003_LoginDDT" name="loginDDT" time="10.497"/>
  <system-out/>
  <testcase classname="testCases.login.TC_003_LoginDDT" name="loginDDT" time="10.520"/>
  <system-out/>
</testsuite> <!-- testCases.login.TC_003_LoginDDT -->
